This is pdfTeX, Version 3.141592653-2.6-1.40.26 (TeX Live 2024) (preloaded format=pdflatex 2024.6.6)  7 AUG 2024 13:05
entering extended mode
 restricted \write18 enabled.
 file:line:error style messages enabled.
 %&-line parsing enabled.
**poster.tex
(./poster.tex
LaTeX2e <2023-11-01> patch level 1
L3 programming layer <2024-02-20>
(/usr/local/texlive/2024/texmf-dist/tex/latex/tikzposter/tikzposter.cls
Document Class: tikzposter 2014/01/15 v2.0 LaTeX document class for Posters
(/usr/local/texlive/2024/texmf-dist/tex/latex/xkeyval/xkeyval.sty
Package: xkeyval 2022/06/16 v2.9 package option processing (HA)
 (/usr/local/texlive/2024/texmf-dist/tex/generic/xkeyval/xkeyval.tex (/usr/local/texlive/2024/texmf-dist/tex/generic/xkeyval/xkvutils.tex
\XKV@toks=\toks17
\XKV@tempa@toks=\toks18
 (/usr/local/texlive/2024/texmf-dist/tex/generic/xkeyval/keyval.tex))
\XKV@depth=\count188
File: xkeyval.tex 2014/12/03 v2.7a key=value parser (HA)
)) (/usr/local/texlive/2024/texmf-dist/tex/latex/tools/calc.sty
Package: calc 2023/07/08 v4.3 Infix arithmetic (KKT,FJ)
\calc@Acount=\count189
\calc@Bcount=\count190
\calc@Adimen=\dimen140
\calc@Bdimen=\dimen141
\calc@Askip=\skip48
\calc@Bskip=\skip49
LaTeX Info: Redefining \setlength on input line 80.
LaTeX Info: Redefining \addtolength on input line 81.
\calc@Ccount=\count191
\calc@Cskip=\skip50
) (/usr/local/texlive/2024/texmf-dist/tex/latex/base/ifthen.sty
Package: ifthen 2022/04/13 v1.1d Standard LaTeX ifthen package (DPC)
) (/usr/local/texlive/2024/texmf-dist/tex/latex/ae/ae.sty
Package: ae 2001/02/12 1.3 Almost European Computer Modern
 (/usr/local/texlive/2024/texmf-dist/tex/latex/base/fontenc.sty
Package: fontenc 2021/04/29 v2.0v Standard LaTeX package
)) (/usr/local/texlive/2024/texmf-dist/tex/generic/xstring/xstring.sty (/usr/local/texlive/2024/texmf-dist/tex/generic/xstring/xstring.tex
\xs_counta=\count192
\xs_countb=\count193
)
Package: xstring 2023/08/22 v1.86 String manipulations (CT)
) (/usr/local/texlive/2024/texmf-dist/tex/latex/etoolbox/etoolbox.sty
Package: etoolbox 2020/10/05 v2.5k e-TeX tools for LaTeX (JAW)
\etb@tempcnta=\count194
) (/usr/local/texlive/2024/texmf-dist/tex/latex/pgf/frontendlayer/tikz.sty (/usr/local/texlive/2024/texmf-dist/tex/latex/pgf/basiclayer/pgf.sty (/usr/local/texlive/2024/texmf-dist/tex/latex/pgf/utilities/pgfrcs.sty (/usr/local/texlive/2024/texmf-dist/tex/generic/pgf/utilities/pgfutil-common.tex
\pgfutil@everybye=\toks19
\pgfutil@tempdima=\dimen142
\pgfutil@tempdimb=\dimen143
) (/usr/local/texlive/2024/texmf-dist/tex/generic/pgf/utilities/pgfutil-latex.def
\pgfutil@abb=\box51
) (/usr/local/texlive/2024/texmf-dist/tex/generic/pgf/utilities/pgfrcs.code.tex (/usr/local/texlive/2024/texmf-dist/tex/generic/pgf/pgf.revision.tex)
Package: pgfrcs 2023-01-15 v3.1.10 (3.1.10)
))
Package: pgf 2023-01-15 v3.1.10 (3.1.10)
 (/usr/local/texlive/2024/texmf-dist/tex/latex/pgf/basiclayer/pgfcore.sty (/usr/local/texlive/2024/texmf-dist/tex/latex/graphics/graphicx.sty
Package: graphicx 2021/09/16 v1.2d Enhanced LaTeX Graphics (DPC,SPQR)
 (/usr/local/texlive/2024/texmf-dist/tex/latex/graphics/graphics.sty
Package: graphics 2022/03/10 v1.4e Standard LaTeX Graphics (DPC,SPQR)
 (/usr/local/texlive/2024/texmf-dist/tex/latex/graphics/trig.sty
Package: trig 2021/08/11 v1.11 sin cos tan (DPC)
) (/usr/local/texlive/2024/texmf-dist/tex/latex/graphics-cfg/graphics.cfg
File: graphics.cfg 2016/06/04 v1.11 sample graphics configuration
)
Package graphics Info: Driver file: pdftex.def on input line 107.
 (/usr/local/texlive/2024/texmf-dist/tex/latex/graphics-def/pdftex.def
File: pdftex.def 2022/09/22 v1.2b Graphics/color driver for pdftex
))
\Gin@req@height=\dimen144
\Gin@req@width=\dimen145
) (/usr/local/texlive/2024/texmf-dist/tex/latex/pgf/systemlayer/pgfsys.sty (/usr/local/texlive/2024/texmf-dist/tex/generic/pgf/systemlayer/pgfsys.code.tex
Package: pgfsys 2023-01-15 v3.1.10 (3.1.10)
 (/usr/local/texlive/2024/texmf-dist/tex/generic/pgf/utilities/pgfkeys.code.tex
\pgfkeys@pathtoks=\toks20
\pgfkeys@temptoks=\toks21
 (/usr/local/texlive/2024/texmf-dist/tex/generic/pgf/utilities/pgfkeyslibraryfiltered.code.tex
\pgfkeys@tmptoks=\toks22
))
\pgf@x=\dimen146
\pgf@y=\dimen147
\pgf@xa=\dimen148
\pgf@ya=\dimen149
\pgf@xb=\dimen150
\pgf@yb=\dimen151
\pgf@xc=\dimen152
\pgf@yc=\dimen153
\pgf@xd=\dimen154
\pgf@yd=\dimen155
\w@pgf@writea=\write3
\r@pgf@reada=\read2
\c@pgf@counta=\count195
\c@pgf@countb=\count196
\c@pgf@countc=\count197
\c@pgf@countd=\count198
\t@pgf@toka=\toks23
\t@pgf@tokb=\toks24
\t@pgf@tokc=\toks25
\pgf@sys@id@count=\count199
(/usr/local/texlive/2024/texmf-dist/tex/generic/pgf/systemlayer/pgf.cfg
File: pgf.cfg 2023-01-15 v3.1.10 (3.1.10)
)
Driver file for pgf: pgfsys-pdftex.def
 (/usr/local/texlive/2024/texmf-dist/tex/generic/pgf/systemlayer/pgfsys-pdftex.def
File: pgfsys-pdftex.def 2023-01-15 v3.1.10 (3.1.10)
 (/usr/local/texlive/2024/texmf-dist/tex/generic/pgf/systemlayer/pgfsys-common-pdf.def
File: pgfsys-common-pdf.def 2023-01-15 v3.1.10 (3.1.10)
))) (/usr/local/texlive/2024/texmf-dist/tex/generic/pgf/systemlayer/pgfsyssoftpath.code.tex
File: pgfsyssoftpath.code.tex 2023-01-15 v3.1.10 (3.1.10)
\pgfsyssoftpath@smallbuffer@items=\count266
\pgfsyssoftpath@bigbuffer@items=\count267
) (/usr/local/texlive/2024/texmf-dist/tex/generic/pgf/systemlayer/pgfsysprotocol.code.tex
File: pgfsysprotocol.code.tex 2023-01-15 v3.1.10 (3.1.10)
)) (/usr/local/texlive/2024/texmf-dist/tex/latex/xcolor/xcolor.sty
Package: xcolor 2023/11/15 v3.01 LaTeX color extensions (UK)
 (/usr/local/texlive/2024/texmf-dist/tex/latex/graphics-cfg/color.cfg
File: color.cfg 2016/01/02 v1.6 sample color configuration
)
Package xcolor Info: Driver file: pdftex.def on input line 274.
 (/usr/local/texlive/2024/texmf-dist/tex/latex/graphics/mathcolor.ltx)
Package xcolor Info: Model `cmy' substituted by `cmy0' on input line 1350.
Package xcolor Info: Model `hsb' substituted by `rgb' on input line 1354.
Package xcolor Info: Model `RGB' extended on input line 1366.
Package xcolor Info: Model `HTML' substituted by `rgb' on input line 1368.
Package xcolor Info: Model `Hsb' substituted by `hsb' on input line 1369.
Package xcolor Info: Model `tHsb' substituted by `hsb' on input line 1370.
Package xcolor Info: Model `HSB' substituted by `hsb' on input line 1371.
Package xcolor Info: Model `Gray' substituted by `gray' on input line 1372.
Package xcolor Info: Model `wave' substituted by `hsb' on input line 1373.
) (/usr/local/texlive/2024/texmf-dist/tex/generic/pgf/basiclayer/pgfcore.code.tex
Package: pgfcore 2023-01-15 v3.1.10 (3.1.10)
 (/usr/local/texlive/2024/texmf-dist/tex/generic/pgf/math/pgfmath.code.tex (/usr/local/texlive/2024/texmf-dist/tex/generic/pgf/math/pgfmathutil.code.tex) (/usr/local/texlive/2024/texmf-dist/tex/generic/pgf/math/pgfmathparser.code.tex
\pgfmath@dimen=\dimen156
\pgfmath@count=\count268
\pgfmath@box=\box52
\pgfmath@toks=\toks26
\pgfmath@stack@operand=\toks27
\pgfmath@stack@operation=\toks28
) (/usr/local/texlive/2024/texmf-dist/tex/generic/pgf/math/pgfmathfunctions.code.tex) (/usr/local/texlive/2024/texmf-dist/tex/generic/pgf/math/pgfmathfunctions.basic.code.tex) (/usr/local/texlive/2024/texmf-dist/tex/generic/pgf/math/pgfmathfunctions.trigonometric.code.tex) (/usr/local/texlive/2024/texmf-dist/tex/generic/pgf/math/pgfmathfunctions.random.code.tex) (/usr/local/texlive/2024/texmf-dist/tex/generic/pgf/math/pgfmathfunctions.comparison.code.tex) (/usr/local/texlive/2024/texmf-dist/tex/generic/pgf/math/pgfmathfunctions.base.code.tex) (/usr/local/texlive/2024/texmf-dist/tex/generic/pgf/math/pgfmathfunctions.round.code.tex) (/usr/local/texlive/2024/texmf-dist/tex/generic/pgf/math/pgfmathfunctions.misc.code.tex) (/usr/local/texlive/2024/texmf-dist/tex/generic/pgf/math/pgfmathfunctions.integerarithmetics.code.tex) (/usr/local/texlive/2024/texmf-dist/tex/generic/pgf/math/pgfmathcalc.code.tex) (/usr/local/texlive/2024/texmf-dist/tex/generic/pgf/math/pgfmathfloat.code.tex
\c@pgfmathroundto@lastzeros=\count269
))
(/usr/local/texlive/2024/texmf-dist/tex/generic/pgf/math/pgfint.code.tex) (/usr/local/texlive/2024/texmf-dist/tex/generic/pgf/basiclayer/pgfcorepoints.code.tex
File: pgfcorepoints.code.tex 2023-01-15 v3.1.10 (3.1.10)
\pgf@picminx=\dimen157
\pgf@picmaxx=\dimen158
\pgf@picminy=\dimen159
\pgf@picmaxy=\dimen160
\pgf@pathminx=\dimen161
\pgf@pathmaxx=\dimen162
\pgf@pathminy=\dimen163
\pgf@pathmaxy=\dimen164
\pgf@xx=\dimen165
\pgf@xy=\dimen166
\pgf@yx=\dimen167
\pgf@yy=\dimen168
\pgf@zx=\dimen169
\pgf@zy=\dimen170
) (/usr/local/texlive/2024/texmf-dist/tex/generic/pgf/basiclayer/pgfcorepathconstruct.code.tex
File: pgfcorepathconstruct.code.tex 2023-01-15 v3.1.10 (3.1.10)
\pgf@path@lastx=\dimen171
\pgf@path@lasty=\dimen172
) (/usr/local/texlive/2024/texmf-dist/tex/generic/pgf/basiclayer/pgfcorepathusage.code.tex
File: pgfcorepathusage.code.tex 2023-01-15 v3.1.10 (3.1.10)
\pgf@shorten@end@additional=\dimen173
\pgf@shorten@start@additional=\dimen174
) (/usr/local/texlive/2024/texmf-dist/tex/generic/pgf/basiclayer/pgfcorescopes.code.tex
File: pgfcorescopes.code.tex 2023-01-15 v3.1.10 (3.1.10)
\pgfpic=\box53
\pgf@hbox=\box54
\pgf@layerbox@main=\box55
\pgf@picture@serial@count=\count270
) (/usr/local/texlive/2024/texmf-dist/tex/generic/pgf/basiclayer/pgfcoregraphicstate.code.tex
File: pgfcoregraphicstate.code.tex 2023-01-15 v3.1.10 (3.1.10)
\pgflinewidth=\dimen175
) (/usr/local/texlive/2024/texmf-dist/tex/generic/pgf/basiclayer/pgfcoretransformations.code.tex
File: pgfcoretransformations.code.tex 2023-01-15 v3.1.10 (3.1.10)
\pgf@pt@x=\dimen176
\pgf@pt@y=\dimen177
\pgf@pt@temp=\dimen178
) (/usr/local/texlive/2024/texmf-dist/tex/generic/pgf/basiclayer/pgfcorequick.code.tex
File: pgfcorequick.code.tex 2023-01-15 v3.1.10 (3.1.10)
) (/usr/local/texlive/2024/texmf-dist/tex/generic/pgf/basiclayer/pgfcoreobjects.code.tex
File: pgfcoreobjects.code.tex 2023-01-15 v3.1.10 (3.1.10)
) (/usr/local/texlive/2024/texmf-dist/tex/generic/pgf/basiclayer/pgfcorepathprocessing.code.tex
File: pgfcorepathprocessing.code.tex 2023-01-15 v3.1.10 (3.1.10)
) (/usr/local/texlive/2024/texmf-dist/tex/generic/pgf/basiclayer/pgfcorearrows.code.tex
File: pgfcorearrows.code.tex 2023-01-15 v3.1.10 (3.1.10)
\pgfarrowsep=\dimen179
) (/usr/local/texlive/2024/texmf-dist/tex/generic/pgf/basiclayer/pgfcoreshade.code.tex
File: pgfcoreshade.code.tex 2023-01-15 v3.1.10 (3.1.10)
\pgf@max=\dimen180
\pgf@sys@shading@range@num=\count271
\pgf@shadingcount=\count272
) (/usr/local/texlive/2024/texmf-dist/tex/generic/pgf/basiclayer/pgfcoreimage.code.tex
File: pgfcoreimage.code.tex 2023-01-15 v3.1.10 (3.1.10)
) (/usr/local/texlive/2024/texmf-dist/tex/generic/pgf/basiclayer/pgfcoreexternal.code.tex
File: pgfcoreexternal.code.tex 2023-01-15 v3.1.10 (3.1.10)
\pgfexternal@startupbox=\box56
) (/usr/local/texlive/2024/texmf-dist/tex/generic/pgf/basiclayer/pgfcorelayers.code.tex
File: pgfcorelayers.code.tex 2023-01-15 v3.1.10 (3.1.10)
) (/usr/local/texlive/2024/texmf-dist/tex/generic/pgf/basiclayer/pgfcoretransparency.code.tex
File: pgfcoretransparency.code.tex 2023-01-15 v3.1.10 (3.1.10)
) (/usr/local/texlive/2024/texmf-dist/tex/generic/pgf/basiclayer/pgfcorepatterns.code.tex
File: pgfcorepatterns.code.tex 2023-01-15 v3.1.10 (3.1.10)
) (/usr/local/texlive/2024/texmf-dist/tex/generic/pgf/basiclayer/pgfcorerdf.code.tex
File: pgfcorerdf.code.tex 2023-01-15 v3.1.10 (3.1.10)
))) (/usr/local/texlive/2024/texmf-dist/tex/generic/pgf/modules/pgfmoduleshapes.code.tex
File: pgfmoduleshapes.code.tex 2023-01-15 v3.1.10 (3.1.10)
\pgfnodeparttextbox=\box57
) (/usr/local/texlive/2024/texmf-dist/tex/generic/pgf/modules/pgfmoduleplot.code.tex
File: pgfmoduleplot.code.tex 2023-01-15 v3.1.10 (3.1.10)
) (/usr/local/texlive/2024/texmf-dist/tex/latex/pgf/compatibility/pgfcomp-version-0-65.sty
Package: pgfcomp-version-0-65 2023-01-15 v3.1.10 (3.1.10)
\pgf@nodesepstart=\dimen181
\pgf@nodesepend=\dimen182
) (/usr/local/texlive/2024/texmf-dist/tex/latex/pgf/compatibility/pgfcomp-version-1-18.sty
Package: pgfcomp-version-1-18 2023-01-15 v3.1.10 (3.1.10)
))
(/usr/local/texlive/2024/texmf-dist/tex/latex/pgf/utilities/pgffor.sty (/usr/local/texlive/2024/texmf-dist/tex/latex/pgf/utilities/pgfkeys.sty (/usr/local/texlive/2024/texmf-dist/tex/generic/pgf/utilities/pgfkeys.code.tex)) (/usr/local/texlive/2024/texmf-dist/tex/latex/pgf/math/pgfmath.sty (/usr/local/texlive/2024/texmf-dist/tex/generic/pgf/math/pgfmath.code.tex)) (/usr/local/texlive/2024/texmf-dist/tex/generic/pgf/utilities/pgffor.code.tex
Package: pgffor 2023-01-15 v3.1.10 (3.1.10)
\pgffor@iter=\dimen183
\pgffor@skip=\dimen184
\pgffor@stack=\toks29
\pgffor@toks=\toks30
)) (/usr/local/texlive/2024/texmf-dist/tex/generic/pgf/frontendlayer/tikz/tikz.code.tex
Package: tikz 2023-01-15 v3.1.10 (3.1.10)
 (/usr/local/texlive/2024/texmf-dist/tex/generic/pgf/libraries/pgflibraryplothandlers.code.tex
File: pgflibraryplothandlers.code.tex 2023-01-15 v3.1.10 (3.1.10)
\pgf@plot@mark@count=\count273
\pgfplotmarksize=\dimen185
)
\tikz@lastx=\dimen186
\tikz@lasty=\dimen187
\tikz@lastxsaved=\dimen188
\tikz@lastysaved=\dimen189
\tikz@lastmovetox=\dimen190
\tikz@lastmovetoy=\dimen191
\tikzleveldistance=\dimen192
\tikzsiblingdistance=\dimen193
\tikz@figbox=\box58
\tikz@figbox@bg=\box59
\tikz@tempbox=\box60
\tikz@tempbox@bg=\box61
\tikztreelevel=\count274
\tikznumberofchildren=\count275
\tikznumberofcurrentchild=\count276
\tikz@fig@count=\count277
 (/usr/local/texlive/2024/texmf-dist/tex/generic/pgf/modules/pgfmodulematrix.code.tex
File: pgfmodulematrix.code.tex 2023-01-15 v3.1.10 (3.1.10)
\pgfmatrixcurrentrow=\count278
\pgfmatrixcurrentcolumn=\count279
\pgf@matrix@numberofcolumns=\count280
)
\tikz@expandcount=\count281
 (/usr/local/texlive/2024/texmf-dist/tex/generic/pgf/frontendlayer/tikz/libraries/tikzlibrarytopaths.code.tex
File: tikzlibrarytopaths.code.tex 2023-01-15 v3.1.10 (3.1.10)
))) (/usr/local/texlive/2024/texmf-dist/tex/generic/pgf/frontendlayer/tikz/libraries/tikzlibraryshapes.code.tex
File: tikzlibraryshapes.code.tex 2023-01-15 v3.1.10 (3.1.10)
 (/usr/local/texlive/2024/texmf-dist/tex/generic/pgf/frontendlayer/tikz/libraries/tikzlibraryshapes.geometric.code.tex
File: tikzlibraryshapes.geometric.code.tex 2023-01-15 v3.1.10 (3.1.10)
 (/usr/local/texlive/2024/texmf-dist/tex/generic/pgf/libraries/shapes/pgflibraryshapes.geometric.code.tex
File: pgflibraryshapes.geometric.code.tex 2023-01-15 v3.1.10 (3.1.10)
)) (/usr/local/texlive/2024/texmf-dist/tex/generic/pgf/frontendlayer/tikz/libraries/tikzlibraryshapes.misc.code.tex
File: tikzlibraryshapes.misc.code.tex 2023-01-15 v3.1.10 (3.1.10)
 (/usr/local/texlive/2024/texmf-dist/tex/generic/pgf/libraries/shapes/pgflibraryshapes.misc.code.tex
File: pgflibraryshapes.misc.code.tex 2023-01-15 v3.1.10 (3.1.10)
)) (/usr/local/texlive/2024/texmf-dist/tex/generic/pgf/frontendlayer/tikz/libraries/tikzlibraryshapes.symbols.code.tex
File: tikzlibraryshapes.symbols.code.tex 2023-01-15 v3.1.10 (3.1.10)
 (/usr/local/texlive/2024/texmf-dist/tex/generic/pgf/libraries/shapes/pgflibraryshapes.symbols.code.tex
File: pgflibraryshapes.symbols.code.tex 2023-01-15 v3.1.10 (3.1.10)
)) (/usr/local/texlive/2024/texmf-dist/tex/generic/pgf/frontendlayer/tikz/libraries/tikzlibraryshapes.arrows.code.tex
File: tikzlibraryshapes.arrows.code.tex 2023-01-15 v3.1.10 (3.1.10)
 (/usr/local/texlive/2024/texmf-dist/tex/generic/pgf/libraries/shapes/pgflibraryshapes.arrows.code.tex
File: pgflibraryshapes.arrows.code.tex 2023-01-15 v3.1.10 (3.1.10)
)) (/usr/local/texlive/2024/texmf-dist/tex/generic/pgf/frontendlayer/tikz/libraries/tikzlibraryshapes.callouts.code.tex
(/usr/local/texlive/2024/texmf-dist/tex/generic/pgf/libraries/shapes/pgflibraryshapes.callouts.code.tex)) (/usr/local/texlive/2024/texmf-dist/tex/generic/pgf/frontendlayer/tikz/libraries/tikzlibraryshapes.multipart.code.tex
File: tikzlibraryshapes.multipart.code.tex 2023-01-15 v3.1.10 (3.1.10)
 (/usr/local/texlive/2024/texmf-dist/tex/generic/pgf/libraries/shapes/pgflibraryshapes.multipart.code.tex
File: pgflibraryshapes.multipart.code.tex 2023-01-15 v3.1.10 (3.1.10)
\pgfnodepartlowerbox=\box62
\pgfnodeparttwobox=\box63
\pgfnodepartthreebox=\box64
\pgfnodepartfourbox=\box65
\pgfnodeparttwentybox=\box66
\pgfnodepartnineteenbox=\box67
\pgfnodeparteighteenbox=\box68
\pgfnodepartseventeenbox=\box69
\pgfnodepartsixteenbox=\box70
\pgfnodepartfifteenbox=\box71
\pgfnodepartfourteenbox=\box72
\pgfnodepartthirteenbox=\box73
\pgfnodeparttwelvebox=\box74
\pgfnodepartelevenbox=\box75
\pgfnodeparttenbox=\box76
\pgfnodepartninebox=\box77
\pgfnodeparteightbox=\box78
\pgfnodepartsevenbox=\box79
\pgfnodepartsixbox=\box80
\pgfnodepartfivebox=\box81
))) (/usr/local/texlive/2024/texmf-dist/tex/generic/pgf/frontendlayer/tikz/libraries/tikzlibrarydecorations.code.tex (/usr/local/texlive/2024/texmf-dist/tex/generic/pgf/modules/pgfmoduledecorations.code.tex
\pgfdecoratedcompleteddistance=\dimen194
\pgfdecoratedremainingdistance=\dimen195
\pgfdecoratedinputsegmentcompleteddistance=\dimen196
\pgfdecoratedinputsegmentremainingdistance=\dimen197
\pgf@decorate@distancetomove=\dimen198
\pgf@decorate@repeatstate=\count282
\pgfdecorationsegmentamplitude=\dimen199
\pgfdecorationsegmentlength=\dimen256
)
\tikz@lib@dec@box=\box82
) (/usr/local/texlive/2024/texmf-dist/tex/generic/pgf/frontendlayer/tikz/libraries/tikzlibraryshadows.code.tex
File: tikzlibraryshadows.code.tex 2023-01-15 v3.1.10 (3.1.10)
 (/usr/local/texlive/2024/texmf-dist/tex/generic/pgf/frontendlayer/tikz/libraries/tikzlibraryfadings.code.tex
File: tikzlibraryfadings.code.tex 2023-01-15 v3.1.10 (3.1.10)
 (/usr/local/texlive/2024/texmf-dist/tex/generic/pgf/libraries/pgflibraryfadings.code.tex
File: pgflibraryfadings.code.tex 2023-01-15 v3.1.10 (3.1.10)
))) (/usr/local/texlive/2024/texmf-dist/tex/generic/pgf/frontendlayer/tikz/libraries/tikzlibrarybackgrounds.code.tex
File: tikzlibrarybackgrounds.code.tex 2023-01-15 v3.1.10 (3.1.10)
\pgf@layerbox@background=\box83
\pgf@layerboxsaved@background=\box84
) (/usr/local/texlive/2024/texmf-dist/tex/generic/pgf/frontendlayer/tikz/libraries/tikzlibrarycalc.code.tex
File: tikzlibrarycalc.code.tex 2023-01-15 v3.1.10 (3.1.10)
) (/usr/local/texlive/2024/texmf-dist/tex/generic/pgf/frontendlayer/tikz/libraries/tikzlibraryfit.code.tex
File: tikzlibraryfit.code.tex 2023-01-15 v3.1.10 (3.1.10)
) (/usr/local/texlive/2024/texmf-dist/tex/generic/pgf/frontendlayer/tikz/libraries/tikzlibrarydecorations.pathmorphing.code.tex (/usr/local/texlive/2024/texmf-dist/tex/generic/pgf/libraries/decorations/pgflibrarydecorations.pathmorphing.code.tex)) (/usr/local/texlive/2024/texmf-dist/tex/generic/pgf/libraries/pgflibraryarrows.code.tex
File: pgflibraryarrows.code.tex 2023-01-15 v3.1.10 (3.1.10)
\arrowsize=\dimen257
)
\TP@innermargin=\dimen258
\TP@visibletextwidth=\dimen259
\TP@visibletextheight=\dimen260
\TP@titlewidth=\dimen261
\titlewidth=\dimen262
\TP@titlelinewidth=\dimen263
\titlelinewidth=\dimen264
\titleinnersep=\dimen265
\TP@titleinnersep=\dimen266
\TP@titletotopverticalspace=\dimen267
\titletotopverticalspace=\dimen268
\TP@titletoblockverticalspace=\dimen269
\TP@titleheight=\dimen270
\titleheight=\dimen271
\titlegraphicheight=\dimen272
\titleposleft=\dimen273
\titleposright=\dimen274
\titlepostop=\dimen275
\titleposbottom=\dimen276
\TP@titlegraphictotitledistance=\dimen277
\TP@colspace=\dimen278
\TP@coltop=\dimen279
\TP@colbottom=\dimen280
\TP@colcenter=\dimen281
\colwidth=\dimen282
\TP@subcolspace=\dimen283
\TP@subcoltop=\dimen284
\TP@subcolbottom=\dimen285
\TP@subcolcenter=\dimen286
\subcolwidth=\dimen287
\TP@blockverticalspace=\dimen288
\TP@blockcenter=\dimen289
\TP@blocktitleinnersep=\dimen290
\blocktitleinnersep=\dimen291
\TP@blockbodyinnersep=\dimen292
\blockbodyinnersep=\dimen293
\TP@blocktitlebox=\box85
\TP@blockbodybox=\box86
\TP@blocktitlewidth=\dimen294
\TP@blockbodywidth=\dimen295
\TP@blockbodyheight=\dimen296
\TP@blocktitleheight=\dimen297
\TP@blocktop=\dimen298
\TP@blocktitleoffsetx=\dimen299
\TP@blocktitleoffsety=\dimen300
\TP@blockbodyoffsetx=\dimen301
\TP@blockbodyoffsety=\dimen302
\TP@blockbodyverticalshift=\dimen303
\blocklinewidth=\dimen304
\TP@innerblockcenter=\dimen305
\TP@innerblocktitleinnersep=\dimen306
\innerblocktitleinnersep=\dimen307
\TP@innerblockbodyinnersep=\dimen308
\innerblockbodyinnersep=\dimen309
\TP@innerblocktitlebox=\box87
\TP@innerblockbodybox=\box88
\TP@innerblocktitlewidth=\dimen310
\TP@innerblockbodywidth=\dimen311
\TP@innerblockbodyheight=\dimen312
\TP@innerblocktitleheight=\dimen313
\TP@innerblocktitleoffsetx=\dimen314
\TP@innerblocktitleoffsety=\dimen315
\TP@innerblockbodyoffsetx=\dimen316
\TP@innerblockbodyoffsety=\dimen317
\TP@innerblockbodyverticalshift=\dimen318
\innerblocklinewidth=\dimen319
\TP@coloredbox=\box89
\TP@coloredboxwidth=\dimen320
\TP@coloredboxlinewidth=\dimen321
\TP@coloredboxinnersep=\dimen322
\TP@coloredboxheight=\dimen323
\TP@noteinnersep=\dimen324
\noteinnersep=\dimen325
\TP@notetargetoffsetx=\dimen326
\TP@notetargetoffsety=\dimen327
\TP@noteradius=\dimen328
\TP@notewidth=\dimen329
\TP@noteheight=\dimen330
\TP@notebox=\box90
\notelinewidth=\dimen331


Package tikzposter Warning: Unknown Option fontsize=25pt. on input line 204.

(/usr/local/texlive/2024/texmf-dist/tex/latex/extsizes/extarticle.cls
Document Class: extarticle 1996/10/08 v1.0 Non Standard LaTeX document class
(/usr/local/texlive/2024/texmf-dist/tex/latex/base/size10.clo
File: size10.clo 2023/05/17 v1.4n Standard LaTeX file (size option)
) (/usr/local/texlive/2024/texmf-dist/tex/latex/base/exscale.sty
Package: exscale 2018/09/24 v2.1i Standard LaTeX package exscale
LaTeX Font Info:    Redeclaring symbol font `largesymbols' on input line 57.
LaTeX Font Info:    Overwriting symbol font `largesymbols' in version `normal'
(Font)                  OMX/cmex/m/n --> OMX/cmex/m/n on input line 57.
LaTeX Font Info:    Overwriting symbol font `largesymbols' in version `bold'
(Font)                  OMX/cmex/m/n --> OMX/cmex/m/n on input line 57.
\big@size=\dimen332
)
\c@part=\count283
\c@section=\count284
\c@subsection=\count285
\c@subsubsection=\count286
\c@paragraph=\count287
\c@subparagraph=\count288
\c@figure=\count289
\c@table=\count290
\abovecaptionskip=\skip51
\belowcaptionskip=\skip52
\bibindent=\dimen333
) (/usr/local/texlive/2024/texmf-dist/tex/latex/geometry/geometry.sty
Package: geometry 2020/01/02 v5.9 Page Geometry
 (/usr/local/texlive/2024/texmf-dist/tex/generic/iftex/ifvtex.sty
Package: ifvtex 2019/10/25 v1.7 ifvtex legacy package. Use iftex instead.
 (/usr/local/texlive/2024/texmf-dist/tex/generic/iftex/iftex.sty
Package: iftex 2022/02/03 v1.0f TeX engine tests
))
\Gm@cnth=\count291
\Gm@cntv=\count292
\c@Gm@tempcnt=\count293
\Gm@bindingoffset=\dimen334
\Gm@wd@mp=\dimen335
\Gm@odd@mp=\dimen336
\Gm@even@mp=\dimen337
\Gm@layoutwidth=\dimen338
\Gm@layoutheight=\dimen339
\Gm@layouthoffset=\dimen340
\Gm@layoutvoffset=\dimen341
\Gm@dimlist=\toks31
) (/usr/local/texlive/2024/texmf-dist/tex/latex/a0poster/a0size.sty
File: a0size.sty 2004/01/31 v1.22b a0poster class (GK, MW)
LaTeX Font Info:    Redeclaring symbol font `largesymbols' on input line 229.
LaTeX Font Info:    Overwriting symbol font `largesymbols' in version `normal'
(Font)                  OMX/cmex/m/n --> OMX/cmex/m/n on input line 229.
LaTeX Font Info:    Overwriting symbol font `largesymbols' in version `bold'
(Font)                  OMX/cmex/m/n --> OMX/cmex/m/n on input line 229.
\big@size=\dimen342
)
\pgf@layerbox@backgroundlayer=\box91
\pgf@layerboxsaved@backgroundlayer=\box92
\pgf@layerbox@notelayer=\box93
\pgf@layerboxsaved@notelayer=\box94
 (/usr/local/texlive/2024/texmf-dist/tex/latex/tikzposter/tikzposterColorpalettes.tex) (/usr/local/texlive/2024/texmf-dist/tex/latex/tikzposter/tikzposterColorstyles.tex) (/usr/local/texlive/2024/texmf-dist/tex/latex/tikzposter/tikzposterBackgroundstyles.tex) (/usr/local/texlive/2024/texmf-dist/tex/latex/tikzposter/tikzposterTitlestyles.tex) (/usr/local/texlive/2024/texmf-dist/tex/latex/tikzposter/tikzposterBlockstyles.tex) (/usr/local/texlive/2024/texmf-dist/tex/latex/tikzposter/tikzposterInnerblockstyles.tex) (/usr/local/texlive/2024/texmf-dist/tex/latex/tikzposter/tikzposterNotestyles.tex) (/usr/local/texlive/2024/texmf-dist/tex/latex/tikzposter/tikzposterLayoutthemes.tex)
\c@figurecounter=\count294
) (/usr/local/texlive/2024/texmf-dist/tex/latex/base/inputenc.sty
Package: inputenc 2021/02/14 v1.3d Input encoding file
\inpenc@prehook=\toks32
\inpenc@posthook=\toks33
) (/usr/local/texlive/2024/texmf-dist/tex/latex/amsmath/amsmath.sty
Package: amsmath 2023/05/13 v2.17o AMS math features
\@mathmargin=\skip53

For additional information on amsmath, use the `?' option.
(/usr/local/texlive/2024/texmf-dist/tex/latex/amsmath/amstext.sty
Package: amstext 2021/08/26 v2.01 AMS text
 (/usr/local/texlive/2024/texmf-dist/tex/latex/amsmath/amsgen.sty
File: amsgen.sty 1999/11/30 v2.0 generic functions
\@emptytoks=\toks34
\ex@=\dimen343
)) (/usr/local/texlive/2024/texmf-dist/tex/latex/amsmath/amsbsy.sty
Package: amsbsy 1999/11/29 v1.2d Bold Symbols
\pmbraise@=\dimen344
) (/usr/local/texlive/2024/texmf-dist/tex/latex/amsmath/amsopn.sty
Package: amsopn 2022/04/08 v2.04 operator names
)
\inf@bad=\count295
LaTeX Info: Redefining \frac on input line 234.
\uproot@=\count296
\leftroot@=\count297
LaTeX Info: Redefining \overline on input line 399.
LaTeX Info: Redefining \colon on input line 410.
\classnum@=\count298
\DOTSCASE@=\count299
LaTeX Info: Redefining \ldots on input line 496.
LaTeX Info: Redefining \dots on input line 499.
LaTeX Info: Redefining \cdots on input line 620.
\Mathstrutbox@=\box95
\strutbox@=\box96
LaTeX Info: Redefining \big on input line 722.
LaTeX Info: Redefining \Big on input line 723.
LaTeX Info: Redefining \bigg on input line 724.
LaTeX Info: Redefining \Bigg on input line 725.
\big@size=\dimen345
LaTeX Font Info:    Redeclaring font encoding OML on input line 743.
LaTeX Font Info:    Redeclaring font encoding OMS on input line 744.
\macc@depth=\count300
LaTeX Info: Redefining \bmod on input line 905.
LaTeX Info: Redefining \pmod on input line 910.
LaTeX Info: Redefining \smash on input line 940.
LaTeX Info: Redefining \relbar on input line 970.
LaTeX Info: Redefining \Relbar on input line 971.
\c@MaxMatrixCols=\count301
\dotsspace@=\muskip16
\c@parentequation=\count302
\dspbrk@lvl=\count303
\tag@help=\toks35
\row@=\count304
\column@=\count305
\maxfields@=\count306
\andhelp@=\toks36
\eqnshift@=\dimen346
\alignsep@=\dimen347
\tagshift@=\dimen348
\tagwidth@=\dimen349
\totwidth@=\dimen350
\lineht@=\dimen351
\@envbody=\toks37
\multlinegap=\skip54
\multlinetaggap=\skip55
\mathdisplay@stack=\toks38
LaTeX Info: Redefining \[ on input line 2953.
LaTeX Info: Redefining \] on input line 2954.
) (/usr/local/texlive/2024/texmf-dist/tex/latex/amsfonts/amsfonts.sty
Package: amsfonts 2013/01/14 v3.01 Basic AMSFonts support
\symAMSa=\mathgroup4
\symAMSb=\mathgroup5
LaTeX Font Info:    Redeclaring math symbol \hbar on input line 98.
LaTeX Font Info:    Overwriting math alphabet `\mathfrak' in version `bold'
(Font)                  U/euf/m/n --> U/euf/b/n on input line 106.
) (/usr/local/texlive/2024/texmf-dist/tex/latex/amscls/amsthm.sty
Package: amsthm 2020/05/29 v2.20.6
\thm@style=\toks39
\thm@bodyfont=\toks40
\thm@headfont=\toks41
\thm@notefont=\toks42
\thm@headpunct=\toks43
\thm@preskip=\skip56
\thm@postskip=\skip57
\thm@headsep=\skip58
\dth@everypar=\toks44
) (/usr/local/texlive/2024/texmf-dist/tex/latex/amsfonts/amssymb.sty
Package: amssymb 2013/01/14 v3.01 AMS font symbols
) (/usr/local/texlive/2024/texmf-dist/tex/latex/jknapltx/mathrsfs.sty
Package: mathrsfs 1996/01/01 Math RSFS package v1.0 (jk)
\symrsfs=\mathgroup6
) (/usr/local/texlive/2024/texmf-dist/tex/latex/adjustbox/adjustbox.sty
Package: adjustbox 2022/10/17 v1.3a Adjusting TeX boxes (trim, clip, ...)
 (/usr/local/texlive/2024/texmf-dist/tex/latex/adjustbox/adjcalc.sty
Package: adjcalc 2012/05/16 v1.1 Provides advanced setlength with multiple back-ends (calc, etex, pgfmath)
) (/usr/local/texlive/2024/texmf-dist/tex/latex/adjustbox/trimclip.sty
Package: trimclip 2020/08/19 v1.2 Trim and clip general TeX material
 (/usr/local/texlive/2024/texmf-dist/tex/latex/collectbox/collectbox.sty
Package: collectbox 2022/10/17 v0.4c Collect macro arguments as boxes
\collectedbox=\box97
)
\tc@llx=\dimen352
\tc@lly=\dimen353
\tc@urx=\dimen354
\tc@ury=\dimen355
Package trimclip Info: Using driver 'tc-pdftex.def'.
 (/usr/local/texlive/2024/texmf-dist/tex/latex/adjustbox/tc-pdftex.def
File: tc-pdftex.def 2019/01/04 v2.2 Clipping driver for pdftex
))
\adjbox@Width=\dimen356
\adjbox@Height=\dimen357
\adjbox@Depth=\dimen358
\adjbox@Totalheight=\dimen359
\adjbox@pwidth=\dimen360
\adjbox@pheight=\dimen361
\adjbox@pdepth=\dimen362
\adjbox@ptotalheight=\dimen363
 (/usr/local/texlive/2024/texmf-dist/tex/latex/ifoddpage/ifoddpage.sty
Package: ifoddpage 2022/10/18 v1.2 Conditionals for odd/even page detection
\c@checkoddpage=\count307
) (/usr/local/texlive/2024/texmf-dist/tex/latex/varwidth/varwidth.sty
Package: varwidth 2009/03/30 ver 0.92;  Variable-width minipages
\@vwid@box=\box98
\sift@deathcycles=\count308
\@vwid@loff=\dimen364
\@vwid@roff=\dimen365
)) (/usr/local/texlive/2024/texmf-dist/tex/latex/enumitem/enumitem.sty
Package: enumitem 2019/06/20 v3.9 Customized lists
\enitkv@toks@=\toks45
\labelindent=\skip59
\enit@outerparindent=\dimen366
\enit@toks=\toks46
\enit@inbox=\box99
\enit@count@id=\count309
\enitdp@description=\count310
) (/usr/local/texlive/2024/texmf-dist/tex/latex/biblatex/biblatex.sty
Package: biblatex 2023/03/05 v3.19 programmable bibliographies (PK/MW)
 (/usr/local/texlive/2024/texmf-dist/tex/generic/pdftexcmds/pdftexcmds.sty
Package: pdftexcmds 2020-06-27 v0.33 Utility functions of pdfTeX for LuaTeX (HO)
 (/usr/local/texlive/2024/texmf-dist/tex/generic/infwarerr/infwarerr.sty
Package: infwarerr 2019/12/03 v1.5 Providing info/warning/error messages (HO)
) (/usr/local/texlive/2024/texmf-dist/tex/generic/ltxcmds/ltxcmds.sty
Package: ltxcmds 2023-12-04 v1.26 LaTeX kernel commands for general use (HO)
)
Package pdftexcmds Info: \pdf@primitive is available.
Package pdftexcmds Info: \pdf@ifprimitive is available.
Package pdftexcmds Info: \pdfdraftmode found.
) (/usr/local/texlive/2024/texmf-dist/tex/latex/kvoptions/kvoptions.sty
Package: kvoptions 2022-06-15 v3.15 Key value format for package options (HO)
 (/usr/local/texlive/2024/texmf-dist/tex/latex/kvsetkeys/kvsetkeys.sty
Package: kvsetkeys 2022-10-05 v1.19 Key value parser (HO)
)) (/usr/local/texlive/2024/texmf-dist/tex/latex/logreq/logreq.sty
Package: logreq 2010/08/04 v1.0 xml request logger
\lrq@indent=\count311
 (/usr/local/texlive/2024/texmf-dist/tex/latex/logreq/logreq.def
File: logreq.def 2010/08/04 v1.0 logreq spec v1.0
)) (/usr/local/texlive/2024/texmf-dist/tex/latex/url/url.sty
\Urlmuskip=\muskip17
Package: url 2013/09/16  ver 3.4  Verb mode for urls, etc.
)
\c@tabx@nest=\count312
\c@listtotal=\count313
\c@listcount=\count314
\c@liststart=\count315
\c@liststop=\count316
\c@citecount=\count317
\c@citetotal=\count318
\c@multicitecount=\count319
\c@multicitetotal=\count320
\c@instcount=\count321
\c@maxnames=\count322
\c@minnames=\count323
\c@maxitems=\count324
\c@minitems=\count325
\c@citecounter=\count326
\c@maxcitecounter=\count327
\c@savedcitecounter=\count328
\c@uniquelist=\count329
\c@uniquename=\count330
\c@refsection=\count331
\c@refsegment=\count332
\c@maxextratitle=\count333
\c@maxextratitleyear=\count334
\c@maxextraname=\count335
\c@maxextradate=\count336
\c@maxextraalpha=\count337
\c@abbrvpenalty=\count338
\c@highnamepenalty=\count339
\c@lownamepenalty=\count340
\c@maxparens=\count341
\c@parenlevel=\count342
\blx@tempcnta=\count343
\blx@tempcntb=\count344
\blx@tempcntc=\count345
\c@blx@maxsection=\count346
\blx@maxsegment@0=\count347
\blx@notetype=\count348
\blx@parenlevel@text=\count349
\blx@parenlevel@foot=\count350
\blx@sectionciteorder@0=\count351
\blx@sectionciteorderinternal@0=\count352
\blx@entrysetcounter=\count353
\blx@biblioinstance=\count354
\labelnumberwidth=\skip60
\labelalphawidth=\skip61
\biblabelsep=\skip62
\bibitemsep=\skip63
\bibnamesep=\skip64
\bibinitsep=\skip65
\bibparsep=\skip66
\bibhang=\skip67
\blx@bcfin=\read3
\blx@bcfout=\write4
\blx@langwohyphens=\language89
\c@mincomprange=\count355
\c@maxcomprange=\count356
\c@mincompwidth=\count357
Package biblatex Info: Trying to load biblatex default data model...
Package biblatex Info: ... file 'blx-dm.def' found.
 (/usr/local/texlive/2024/texmf-dist/tex/latex/biblatex/blx-dm.def
File: blx-dm.def 2023/03/05 v3.19 biblatex localization (PK/MW)
)
Package biblatex Info: Trying to load biblatex style data model...
Package biblatex Info: ... file 'numeric.dbx' not found.
Package biblatex Info: Trying to load biblatex custom data model...
Package biblatex Info: ... file 'biblatex-dm.cfg' not found.
\c@afterword=\count358
\c@savedafterword=\count359
\c@annotator=\count360
\c@savedannotator=\count361
\c@author=\count362
\c@savedauthor=\count363
\c@bookauthor=\count364
\c@savedbookauthor=\count365
\c@commentator=\count366
\c@savedcommentator=\count367
\c@editor=\count368
\c@savededitor=\count369
\c@editora=\count370
\c@savededitora=\count371
\c@editorb=\count372
\c@savededitorb=\count373
\c@editorc=\count374
\c@savededitorc=\count375
\c@foreword=\count376
\c@savedforeword=\count377
\c@holder=\count378
\c@savedholder=\count379
\c@introduction=\count380
\c@savedintroduction=\count381
\c@namea=\count382
\c@savednamea=\count383
\c@nameb=\count384
\c@savednameb=\count385
\c@namec=\count386
\c@savednamec=\count387
\c@translator=\count388
\c@savedtranslator=\count389
\c@shortauthor=\count390
\c@savedshortauthor=\count391
\c@shorteditor=\count392
\c@savedshorteditor=\count393
\c@labelname=\count394
\c@savedlabelname=\count395
\c@institution=\count396
\c@savedinstitution=\count397
\c@lista=\count398
\c@savedlista=\count399
\c@listb=\count400
\c@savedlistb=\count401
\c@listc=\count402
\c@savedlistc=\count403
\c@listd=\count404
\c@savedlistd=\count405
\c@liste=\count406
\c@savedliste=\count407
\c@listf=\count408
\c@savedlistf=\count409
\c@location=\count410
\c@savedlocation=\count411
\c@organization=\count412
\c@savedorganization=\count413
\c@origlocation=\count414
\c@savedoriglocation=\count415
\c@origpublisher=\count416
\c@savedorigpublisher=\count417
\c@publisher=\count418
\c@savedpublisher=\count419
\c@language=\count420
\c@savedlanguage=\count421
\c@origlanguage=\count422
\c@savedoriglanguage=\count423
\c@pageref=\count424
\c@savedpageref=\count425
\shorthandwidth=\skip68
\shortjournalwidth=\skip69
\shortserieswidth=\skip70
\shorttitlewidth=\skip71
\shortauthorwidth=\skip72
\shorteditorwidth=\skip73
\locallabelnumberwidth=\skip74
\locallabelalphawidth=\skip75
\localshorthandwidth=\skip76
\localshortjournalwidth=\skip77
\localshortserieswidth=\skip78
\localshorttitlewidth=\skip79
\localshortauthorwidth=\skip80
\localshorteditorwidth=\skip81
Package biblatex Info: Trying to load compatibility code...
Package biblatex Info: ... file 'blx-compat.def' found.
 (/usr/local/texlive/2024/texmf-dist/tex/latex/biblatex/blx-compat.def
File: blx-compat.def 2023/03/05 v3.19 biblatex compatibility (PK/MW)
)
Package biblatex Info: Trying to load generic definitions...
Package biblatex Info: ... file 'biblatex.def' found.
 (/usr/local/texlive/2024/texmf-dist/tex/latex/biblatex/biblatex.def
File: biblatex.def 2023/03/05 v3.19 biblatex compatibility (PK/MW)
\c@textcitecount=\count426
\c@textcitetotal=\count427
\c@textcitemaxnames=\count428
\c@biburlbigbreakpenalty=\count429
\c@biburlbreakpenalty=\count430
\c@biburlnumpenalty=\count431
\c@biburlucpenalty=\count432
\c@biburllcpenalty=\count433
\biburlbigskip=\muskip18
\biburlnumskip=\muskip19
\biburlucskip=\muskip20
\biburllcskip=\muskip21
\c@smartand=\count434
)
Package biblatex Info: Trying to load bibliography style 'numeric'...
Package biblatex Info: ... file 'numeric.bbx' found.
 (/usr/local/texlive/2024/texmf-dist/tex/latex/biblatex/bbx/numeric.bbx
File: numeric.bbx 2023/03/05 v3.19 biblatex bibliography style (PK/MW)
Package biblatex Info: Trying to load bibliography style 'standard'...
Package biblatex Info: ... file 'standard.bbx' found.

(/usr/local/texlive/2024/texmf-dist/tex/latex/biblatex/bbx/standard.bbx
File: standard.bbx 2023/03/05 v3.19 biblatex bibliography style (PK/MW)
\c@bbx:relatedcount=\count435
\c@bbx:relatedtotal=\count436
))
Package biblatex Info: Trying to load citation style 'numeric'...
Package biblatex Info: ... file 'numeric.cbx' found.
 (/usr/local/texlive/2024/texmf-dist/tex/latex/biblatex/cbx/numeric.cbx
File: numeric.cbx 2023/03/05 v3.19 biblatex citation style (PK/MW)
Package biblatex Info: Redefining '\cite'.
Package biblatex Info: Redefining '\parencite'.
Package biblatex Info: Redefining '\footcite'.
Package biblatex Info: Redefining '\footcitetext'.
Package biblatex Info: Redefining '\smartcite'.
Package biblatex Info: Redefining '\supercite'.
Package biblatex Info: Redefining '\textcite'.
Package biblatex Info: Redefining '\textcites'.
Package biblatex Info: Redefining '\cites'.
Package biblatex Info: Redefining '\parencites'.
Package biblatex Info: Redefining '\smartcites'.
)
Package biblatex Info: Trying to load configuration file...
Package biblatex Info: ... file 'biblatex.cfg' found.
 (/usr/local/texlive/2024/texmf-dist/tex/latex/biblatex/biblatex.cfg
File: biblatex.cfg 
)
Package biblatex Info: Input encoding 'utf8' detected.
Package biblatex Info: Document encoding is UTF8 ....
 (/usr/local/texlive/2024/texmf-dist/tex/latex/l3kernel/expl3.sty
Package: expl3 2024-02-20 L3 programming layer (loader) 
 (/usr/local/texlive/2024/texmf-dist/tex/latex/l3backend/l3backend-pdftex.def
File: l3backend-pdftex.def 2024-02-20 L3 backend support: PDF output (pdfTeX)
\l__color_backend_stack_int=\count437
\l__pdf_internal_box=\box100
))
Package biblatex Info: ... and expl3
(biblatex)             2024-02-20 L3 programming layer (loader) 
(biblatex)             is new enough (at least 2020/04/06),
(biblatex)             setting 'casechanger=expl3'.
 (/usr/local/texlive/2024/texmf-dist/tex/latex/biblatex/blx-case-expl3.sty (/usr/local/texlive/2024/texmf-dist/tex/latex/l3packages/xparse/xparse.sty
Package: xparse 2024-02-18 L3 Experimental document command parser
)
Package: blx-case-expl3 2023/03/05 v3.19 expl3 case changing code for biblatex
)) (./SUtheme.sty) (/usr/local/texlive/2024/texmf-dist/tex/latex/svg/svg.sty
Package: svg 2020/11/26 v2.02k (include SVG pictures)
 (/usr/local/texlive/2024/texmf-dist/tex/latex/koma-script/scrbase.sty
Package: scrbase 2023/07/07 v3.41 KOMA-Script package (KOMA-Script-independent basics and keyval usage)
 (/usr/local/texlive/2024/texmf-dist/tex/latex/koma-script/scrlfile.sty
Package: scrlfile 2023/07/07 v3.41 KOMA-Script package (file load hooks)
 (/usr/local/texlive/2024/texmf-dist/tex/latex/koma-script/scrlfile-hook.sty
Package: scrlfile-hook 2023/07/07 v3.41 KOMA-Script package (using LaTeX hooks)
 (/usr/local/texlive/2024/texmf-dist/tex/latex/koma-script/scrlogo.sty
Package: scrlogo 2023/07/07 v3.41 KOMA-Script package (logo)
)))
Applying: [2021/05/01] Usage of raw or classic option list on input line 252.
Already applied: [0000/00/00] Usage of raw or classic option list on input line 368.
) (/usr/local/texlive/2024/texmf-dist/tex/latex/trimspaces/trimspaces.sty
Package: trimspaces 2009/09/17 v1.1 Trim spaces around a token list
) (/usr/local/texlive/2024/texmf-dist/tex/latex/tools/shellesc.sty
Package: shellesc 2023/07/08 v1.0d unified shell escape interface for LaTeX
Package shellesc Info: Restricted shell escape enabled on input line 77.
)
\c@svg@param@lastpage=\count438
\svg@box=\box101
\c@svg@param@currpage=\count439
) (/usr/local/texlive/2024/texmf-dist/tex/latex/transparent/transparent.sty
Package: transparent 2022-10-27 v1.5 Transparency with color stacks
 (/usr/local/texlive/2024/texmf-dist/tex/latex/transparent/transparent-nometadata.sty
Package: transparent-nometadata 2022-10-27 v1.5 Transparency via pdfTeX's color stack (HO)
 (/usr/local/texlive/2024/texmf-dist/tex/latex/auxhook/auxhook.sty
Package: auxhook 2019-12-17 v1.6 Hooks for auxiliary files (HO)
))) (/usr/local/texlive/2024/texmf-dist/tex/latex/mwe/mwe.sty
Package: mwe 2018/03/30 v0.5 Package to support minimal working examples (MWE)
 (/usr/local/texlive/2024/texmf-dist/tex/latex/lipsum/lipsum.sty (/usr/local/texlive/2024/texmf-dist/tex/latex/l3packages/l3keys2e/l3keys2e.sty
Package: l3keys2e 2024-02-18 LaTeX2e option processing using LaTeX3 keys
)
Package: lipsum 2021-09-20 v2.7 150 paragraphs of Lorem Ipsum dummy text
\g__lipsum_par_int=\count440
\l__lipsum_a_int=\count441
\l__lipsum_b_int=\count442
 (/usr/local/texlive/2024/texmf-dist/tex/latex/lipsum/lipsum.ltd.tex)) (/usr/local/texlive/2024/texmf-dist/tex/latex/blindtext/blindtext.sty
Package: blindtext 2012/01/06 V2.0 blindtext-Package
 (/usr/local/texlive/2024/texmf-dist/tex/latex/tools/xspace.sty
Package: xspace 2014/10/28 v1.13 Space after command names (DPC,MH)
)
\c@blindtext=\count443
\c@Blindtext=\count444
\c@blind@countparstart=\count445
\blind@countxx=\count446
\blindtext@numBlindtext=\count447
\blind@countyy=\count448
\c@blindlist=\count449
\c@blindlistlevel=\count450
\c@blindlist@level=\count451
\blind@listitem=\count452
\c@blind@listcount=\count453
\c@blind@levelcount=\count454
\blind@mathformula=\count455
\blind@Mathformula=\count456
\c@blind@randomcount=\count457
\c@blind@randommax=\count458
\c@blind@pangramcount=\count459
\c@blind@pangrammax=\count460
)) (/usr/local/texlive/2024/texmf-dist/tex/latex/psnfss/helvet.sty
Package: helvet 2020/03/25 PSNFSS-v9.3 (WaS) 
) (/usr/local/texlive/2024/texmf-dist/tex/latex/base/fontenc.sty
Package: fontenc 2021/04/29 v2.0v Standard LaTeX package
LaTeX Font Info:    Trying to load font information for T1+phv on input line 112.
 (/usr/local/texlive/2024/texmf-dist/tex/latex/psnfss/t1phv.fd
File: t1phv.fd 2020/03/25 scalable font definitions for T1/phv.
)
LaTeX Font Info:    Font shape `T1/phv/m/n' will be
(Font)              scaled to size 23.63593pt on input line 112.
)
\c@theorem=\count461
\@quotelevel=\count462
\@quotereset=\count463


LaTeX Warning: Unused global option(s):
    [fontsize=25pt,margin=0.5in,innermargin=-1.8in,blockverticalspace=0.25in].

(./poster.aux)
\openout1 = `poster.aux'.

LaTeX Font Info:    Checking defaults for OML/cmm/m/it on input line 40.
LaTeX Font Info:    ... okay on input line 40.
LaTeX Font Info:    Checking defaults for OMS/cmsy/m/n on input line 40.
LaTeX Font Info:    ... okay on input line 40.
LaTeX Font Info:    Checking defaults for OT1/cmr/m/n on input line 40.
LaTeX Font Info:    ... okay on input line 40.
LaTeX Font Info:    Checking defaults for T1/cmr/m/n on input line 40.
LaTeX Font Info:    ... okay on input line 40.
LaTeX Font Info:    Checking defaults for TS1/cmr/m/n on input line 40.
LaTeX Font Info:    ... okay on input line 40.
LaTeX Font Info:    Checking defaults for OMX/cmex/m/n on input line 40.
LaTeX Font Info:    ... okay on input line 40.
LaTeX Font Info:    Checking defaults for U/cmr/m/n on input line 40.
LaTeX Font Info:    ... okay on input line 40.
 (/usr/local/texlive/2024/texmf-dist/tex/context/base/mkii/supp-pdf.mkii
[Loading MPS to PDF converter (version 2006.09.02).]
\scratchcounter=\count464
\scratchdimen=\dimen367
\scratchbox=\box102
\nofMPsegments=\count465
\nofMParguments=\count466
\everyMPshowfont=\toks47
\MPscratchCnt=\count467
\MPscratchDim=\dimen368
\MPnumerator=\count468
\makeMPintoPDFobject=\count469
\everyMPtoPDFconversion=\toks48
) (/usr/local/texlive/2024/texmf-dist/tex/latex/epstopdf-pkg/epstopdf-base.sty
Package: epstopdf-base 2020-01-24 v2.11 Base part for package epstopdf
 (/usr/local/texlive/2024/texmf-dist/tex/latex/grfext/grfext.sty
Package: grfext 2019/12/03 v1.3 Manage graphics extensions (HO)
 (/usr/local/texlive/2024/texmf-dist/tex/generic/kvdefinekeys/kvdefinekeys.sty
Package: kvdefinekeys 2019-12-19 v1.6 Define keys (HO)
))
Package epstopdf-base Info: Redefining graphics rule for `.eps' on input line 485.
Package grfext Info: Graphics extension search list:
(grfext)             [.pdf,.png,.jpg,.mps,.jpeg,.jbig2,.jb2,.PDF,.PNG,.JPG,.JPEG,.JBIG2,.JB2,.eps]
(grfext)             \AppendGraphicsExtensions on input line 504.
 (/usr/local/texlive/2024/texmf-dist/tex/latex/latexconfig/epstopdf-sys.cfg
File: epstopdf-sys.cfg 2010/07/13 v1.3 Configuration of (r)epstopdf for TeX Live
))
*geometry* driver: auto-detecting
*geometry* detected driver: pdftex
*geometry* verbose mode - [ preamble ] result:
* driver: pdftex
* paper: custom
* layout: <same size as paper>
* layoutoffset:(h,v)=(0.0pt,0.0pt)
* modes: 
* h-part:(L,W,R)=(36.135pt, 2529.45pt, 36.135pt)
* v-part:(T,H,B)=(36.135pt, 3396.69pt, 36.135pt)
* \paperwidth=2601.71999pt
* \paperheight=3468.95999pt
* \textwidth=2529.45pt
* \textheight=3396.69pt
* \oddsidemargin=-36.135pt
* \evensidemargin=-36.135pt
* \topmargin=-73.135pt
* \headheight=12.0pt
* \headsep=25.0pt
* \topskip=10.0pt
* \footskip=30.0pt
* \marginparwidth=65.0pt
* \marginparsep=11.0pt
* \columnsep=10.0pt
* \skip\footins=9.0pt plus 4.0pt minus 2.0pt
* \hoffset=0.0pt
* \voffset=0.0pt
* \mag=1000
* \@twocolumnfalse
* \@twosidefalse
* \@mparswitchfalse
* \@reversemarginfalse
* (1in=72.27pt=25.4mm, 1cm=28.453pt)

<./img/UM-logo.png, id=29, 2077.7625pt x 1031.855pt>
File: ./img/UM-logo.png Graphic file (type png)
<use ./img/UM-logo.png>
Package pdftex.def Info: ./img/UM-logo.png  used on input line 40.
(pdftex.def)             Requested size: 252.96043pt x 125.61217pt.
Package biblatex Info: Trying to load language 'english'...
Package biblatex Info: ... file 'english.lbx' found.
(/usr/local/texlive/2024/texmf-dist/tex/latex/biblatex/lbx/english.lbx
File: english.lbx 2023/03/05 v3.19 biblatex localization (PK/MW)
)
Package biblatex Info: Input encoding 'utf8' detected.
Package biblatex Info: Automatic encoding selection.
(biblatex)             Assuming data encoding 'utf8'.
\openout4 = `poster.bcf'.

Package biblatex Info: Trying to load bibliographic data...
Package biblatex Info: ... file 'poster.bbl' found.
 (./poster.bbl
Missing character: There is no [ in font nullfont!
Missing character: There is no 1 in font nullfont!
Missing character: There is no ] in font nullfont!
Missing character: There is no [ in font nullfont!
Missing character: There is no 2 in font nullfont!
Missing character: There is no ] in font nullfont!
Missing character: There is no [ in font nullfont!
Missing character: There is no 3 in font nullfont!
Missing character: There is no ] in font nullfont!
)
Package biblatex Info: Reference section=0 on input line 40.
Package biblatex Info: Reference segment=0 on input line 40.

Missing character: There is no 1 in font nullfont!
Missing character: There is no = in font nullfont!
Missing character: There is no 1 in font nullfont!
LaTeX Font Info:    Font shape `T1/phv/b/n' will be
(Font)              scaled to size 23.63593pt on input line 42.
LaTeX Font Info:    Font shape `T1/phv/b/n' will be
(Font)              scaled to size 58.8238pt on input line 42.
LaTeX Font Info:    Font shape `T1/phv/m/n' will be
(Font)              scaled to size 58.8238pt on input line 42.
LaTeX Font Info:    Font shape `T1/phv/m/sc' will be
(Font)              scaled to size 58.8238pt on input line 42.
LaTeX Font Info:    Font shape `T1/phv/m/n' will be
(Font)              scaled to size 49.01984pt on input line 42.
LaTeX Font Info:    Trying to load font information for U+msa on input line 42.
(/usr/local/texlive/2024/texmf-dist/tex/latex/amsfonts/umsa.fd
File: umsa.fd 2013/01/14 v3.01 AMS symbols A
)
LaTeX Font Info:    Trying to load font information for U+msb on input line 42.
 (/usr/local/texlive/2024/texmf-dist/tex/latex/amsfonts/umsb.fd
File: umsb.fd 2013/01/14 v3.01 AMS symbols B
)
LaTeX Font Info:    Trying to load font information for U+rsfs on input line 42.
 (/usr/local/texlive/2024/texmf-dist/tex/latex/jknapltx/ursfs.fd
File: ursfs.fd 1998/03/24 rsfs font definition file (jk)
)

LaTeX Font Warning: Font shape `U/rsfs/m/n' in size <51.6> not available
(Font)              size <24.88> substituted on input line 42.


LaTeX Font Warning: Font shape `U/rsfs/m/n' in size <35.83> not available
(Font)              size <24.88> substituted on input line 42.

LaTeX Font Info:    Font shape `T1/phv/m/n' will be
(Font)              scaled to size 40.84987pt on input line 42.
File: ./img/UM-logo.png Graphic file (type png)
<use ./img/UM-logo.png>
Package pdftex.def Info: ./img/UM-logo.png  used on input line 42.
(pdftex.def)             Requested size: 252.96043pt x 125.61217pt.
File: ./img/UM-logo.png Graphic file (type png)
<use ./img/UM-logo.png>
Package pdftex.def Info: ./img/UM-logo.png  used on input line 42.
(pdftex.def)             Requested size: 252.96043pt x 125.61217pt.
Missing character: There is no [ in font nullfont!
Missing character: There is no c in font nullfont!
Missing character: There is no o in font nullfont!
Missing character: There is no l in font nullfont!
Missing character: There is no s in font nullfont!
Missing character: There is no p in font nullfont!
Missing character: There is no a in font nullfont!
Missing character: There is no c in font nullfont!
Missing character: There is no i in font nullfont!
Missing character: There is no n in font nullfont!
Missing character: There is no g in font nullfont!
Missing character: There is no = in font nullfont!
Missing character: There is no 0 in font nullfont!
Missing character: There is no . in font nullfont!
Missing character: There is no 1 in font nullfont!
Missing character: There is no e in font nullfont!
Missing character: There is no m in font nullfont!
Missing character: There is no ] in font nullfont!
LaTeX Font Info:    Font shape `T1/phv/b/n' will be
(Font)              scaled to size 40.84987pt on input line 62.
LaTeX Font Info:    Font shape `T1/phv/m/n' will be
(Font)              scaled to size 28.3669pt on input line 62.
LaTeX Font Info:    Font shape `T1/phv/b/n' will be
(Font)              scaled to size 28.3669pt on input line 62.
LaTeX Font Info:    Font shape `T1/phv/m/it' in size <29.86> not available
(Font)              Font shape `T1/phv/m/sl' tried instead on input line 62.
LaTeX Font Info:    Font shape `T1/phv/m/sl' will be
(Font)              scaled to size 28.3669pt on input line 62.

./poster.tex:62: LaTeX Error: Something's wrong--perhaps a missing \item.

See the LaTeX manual or LaTeX Companion for explanation.
Type  H <return>  for immediate help.
 ...                                              
                                                  
l.62 	}
       
Try typing  <return>  to proceed.
If that doesn't work, type  X <return>  to quit.


./poster.tex:62: LaTeX Error: Something's wrong--perhaps a missing \item.

See the LaTeX manual or LaTeX Companion for explanation.
Type  H <return>  for immediate help.
 ...                                              
                                                  
l.62 	}
       
Try typing  <return>  to proceed.
If that doesn't work, type  X <return>  to quit.


./poster.tex:62: LaTeX Error: Something's wrong--perhaps a missing \item.

See the LaTeX manual or LaTeX Companion for explanation.
Type  H <return>  for immediate help.
 ...                                              
                                                  
l.62 	}
       
Try typing  <return>  to proceed.
If that doesn't work, type  X <return>  to quit.

LaTeX Font Info:    Font shape `T1/phv/b/it' in size <29.86> not available
(Font)              Font shape `T1/phv/b/sl' tried instead on input line 62.
LaTeX Font Info:    Font shape `T1/phv/b/sl' will be
(Font)              scaled to size 28.3669pt on input line 62.

LaTeX Font Warning: Font shape `U/rsfs/m/n' in size <29.86> not available
(Font)              size <24.88> substituted on input line 62.


./poster.tex:62: LaTeX Error: Something's wrong--perhaps a missing \item.

See the LaTeX manual or LaTeX Companion for explanation.
Type  H <return>  for immediate help.
 ...                                              
                                                  
l.62 	}
       
Try typing  <return>  to proceed.
If that doesn't work, type  X <return>  to quit.


./poster.tex:62: LaTeX Error: There's no line here to end.

See the LaTeX manual or LaTeX Companion for explanation.
Type  H <return>  for immediate help.
 ...                                              
                                                  
l.62 	}
       
Your command was ignored.
Type  I <command> <return>  to replace it with another command,
or  <return>  to continue without it.

LaTeX Font Info:    Trying to load font information for TS1+phv on input line 62.
(/usr/local/texlive/2024/texmf-dist/tex/latex/psnfss/ts1phv.fd
File: ts1phv.fd 2020/03/25 scalable font definitions for TS1/phv.
)
LaTeX Font Info:    Font shape `TS1/phv/m/n' will be
(Font)              scaled to size 28.3669pt on input line 62.
<./img/interference-model.png, id=31, 2079.77pt x 1525.7pt>
File: ./img/interference-model.png Graphic file (type png)
<use ./img/interference-model.png>
Package pdftex.def Info: ./img/interference-model.png  used on input line 80.
(pdftex.def)             Requested size: 818.6418pt x 600.53804pt.
LaTeX Font Info:    Font shape `T1/phv/m/n' will be
(Font)              scaled to size 19.70294pt on input line 80.
<./img/highway-model-cropped.png, id=32, 937.5025pt x 297.11pt>
File: ./img/highway-model-cropped.png Graphic file (type png)
<use ./img/highway-model-cropped.png>
Package pdftex.def Info: ./img/highway-model-cropped.png  used on input line 102.
(pdftex.def)             Requested size: 818.6418pt x 259.44019pt.
<./img/root-n-interference.png, id=33, 927.465pt x 289.08pt>
File: ./img/root-n-interference.png Graphic file (type png)
<use ./img/root-n-interference.png>
Package pdftex.def Info: ./img/root-n-interference.png  used on input line 102.
(pdftex.def)             Requested size: 818.6418pt x 255.16751pt.
<./img/vertex_cover_reduction.png, id=34, 542.025pt x 354.32375pt>
File: ./img/vertex_cover_reduction.png Graphic file (type png)
<use ./img/vertex_cover_reduction.png>
Package pdftex.def Info: ./img/vertex_cover_reduction.png  used on input line 143.
(pdftex.def)             Requested size: 782.26698pt x 511.3882pt.
<./img/fixed_distance_set.png, id=35, 3016.26875pt x 1015.795pt>
File: ./img/fixed_distance_set.png Graphic file (type png)
<use ./img/fixed_distance_set.png>
Package pdftex.def Info: ./img/fixed_distance_set.png  used on input line 143.
(pdftex.def)             Requested size: 782.26698pt x 263.43398pt.
LaTeX Font Info:    Font shape `T1/phv/m/n' will be
(Font)              scaled to size 34.03839pt on input line 143.
LaTeX Font Info:    Font shape `T1/phv/b/n' will be
(Font)              scaled to size 34.03839pt on input line 143.
<./img/sink_tree.png, id=36, 1079.03125pt x 965.6075pt>
File: ./img/sink_tree.png Graphic file (type png)
<use ./img/sink_tree.png>
Package pdftex.def Info: ./img/sink_tree.png  used on input line 143.
(pdftex.def)             Requested size: 782.26698pt x 700.05489pt.
LaTeX Font Info:    Font shape `T1/phv/m/n' will be
(Font)              scaled to size 13.67995pt on input line 178.

Overfull \hbox (391.73563pt too wide) detected at line 178
[]
 []

<./img/minimum_weight_sink_tree_asymmetric.png, id=37, 398.48875pt x 58.2175pt>
File: ./img/minimum_weight_sink_tree_asymmetric.png Graphic file (type png)
<use ./img/minimum_weight_sink_tree_asymmetric.png>
Package pdftex.def Info: ./img/minimum_weight_sink_tree_asymmetric.png  used on input line 178.
(pdftex.def)             Requested size: 676.07996pt x 98.78453pt.
<./img/minimum_weight_sink_tree_symmetric.png, id=38, 2560.56625pt x 1402.23875pt>
File: ./img/minimum_weight_sink_tree_symmetric.png Graphic file (type png)
<use ./img/minimum_weight_sink_tree_symmetric.png>
Package pdftex.def Info: ./img/minimum_weight_sink_tree_symmetric.png  used on input line 178.
(pdftex.def)             Requested size: 676.07996pt x 370.24353pt.

Overfull \hbox (391.73563pt too wide) in paragraph at lines 178--178
[][][]  
 []

LaTeX Font Info:    Font shape `T1/phv/m/n' will be
(Font)              scaled to size 16.41594pt on input line 198.
LaTeX Font Info:    Font shape `T1/phv/m/it' in size <24.88> not available
(Font)              Font shape `T1/phv/m/sl' tried instead on input line 198.
LaTeX Font Info:    Font shape `T1/phv/m/sl' will be
(Font)              scaled to size 23.63593pt on input line 198.
LaTeX Font Info:    Font shape `T1/phv/m/sc' will be
(Font)              scaled to size 23.63593pt on input line 198.
LaTeX Font Info:    Trying to load font information for T1+aett on input line 198.
(/usr/local/texlive/2024/texmf-dist/tex/latex/ae/t1aett.fd
File: t1aett.fd 1997/11/16 Font definitions for T1/aett.
)
Underfull \hbox (badness 2042) in paragraph at lines 198--198
[]\T1/phv/m/n/24.88 Pascal von Rick-en-bach, Roger Wat-ten-hofer, and Aaron
 []

[1

{/usr/local/texlive/2024/texmf-var/fonts/map/pdftex/updmap/pdftex.map}{/usr/local/texlive/2024/texmf-dist/fonts/enc/dvips/base/8r.enc} <./img/UM-logo.png> <./img/interference-model.png> <./img/highway-model-cropped.png> <./img/root-n-interference.png> <./img/vertex_cover_reduction.png> <./img/fixed_distance_set.png> <./img/sink_tree.png> <./img/minimum_weight_sink_tree_asymmetric.png> <./img/minimum_weight_sink_tree_symmetric.png>] (./poster.aux)
 ***********
LaTeX2e <2023-11-01> patch level 1
L3 programming layer <2024-02-20>
 ***********


LaTeX Font Warning: Size substitutions with differences
(Font)              up to 26.72pt have occurred.


LaTeX Warning: There were undefined references.


Package biblatex Warning: Please (re)run Biber on the file:
(biblatex)                poster
(biblatex)                and rerun LaTeX afterwards.

Package logreq Info: Writing requests to 'poster.run.xml'.
\openout1 = `poster.run.xml'.

 ) 
Here is how much of TeX's memory you used:
 29600 strings out of 474116
 627536 string characters out of 5743683
 1977187 words of memory out of 5000000
 51380 multiletter control sequences out of 15000+600000
 625473 words of font info for 121 fonts, out of 8000000 for 9000
 1141 hyphenation exceptions out of 8191
 117i,14n,121p,679b,2898s stack positions out of 10000i,1000n,20000p,200000b,200000s
</usr/local/texlive/2024/texmf-dist/fonts/type1/public/amsfonts/cm/cmex10.pfb></usr/local/texlive/2024/texmf-dist/fonts/type1/public/amsfonts/cm/cmmi12.pfb></usr/local/texlive/2024/texmf-dist/fonts/type1/public/amsfonts/cm/cmr12.pfb></usr/local/texlive/2024/texmf-dist/fonts/type1/public/amsfonts/cm/cmr17.pfb></usr/local/texlive/2024/texmf-dist/fonts/type1/public/amsfonts/cm/cmsy10.pfb></usr/local/texlive/2024/texmf-dist/fonts/type1/public/amsfonts/cm/cmtt12.pfb></usr/local/texlive/2024/texmf-dist/fonts/type1/public/amsfonts/symbols/msbm10.pfb></usr/local/texlive/2024/texmf-dist/fonts/type1/urw/helvetic/uhvb8a.pfb></usr/local/texlive/2024/texmf-dist/fonts/type1/urw/helvetic/uhvbo8a.pfb></usr/local/texlive/2024/texmf-dist/fonts/type1/urw/helvetic/uhvr8a.pfb></usr/local/texlive/2024/texmf-dist/fonts/type1/urw/helvetic/uhvro8a.pfb>
Output written on poster.pdf (1 page, 769324 bytes).
PDF statistics:
 110 PDF objects out of 1000 (max. 8388607)
 50 compressed objects within 1 object stream
 0 named destinations out of 1000 (max. 500000)
 154 words of extra memory for PDF output out of 10000 (max. 10000000)

